Using pre-set license
Built from '2021.1/staging' branch; Version is '2021.1.28f1 (f3f9dc10f3dd) revision 15989212'; Using compiler version '192528614'; Build Type 'Release'
OS: 'Windows 10 Enterprise; OS build 19042.1288; Version 2009; 64bit' Language: 'ru' Physical Memory: 3930 MB
BatchMode: 1, IsHumanControllingUs: 0, StartBugReporterOnCrash: 0, Is64bit: 1, IsPro: 0

COMMAND LINE ARGUMENTS:
C:\Program Files\Unity\Hub\Editor\2021.1.28f1\Editor\Unity.exe
-adb2
-batchMode
-noUpm
-name
AssetImportWorker0
-projectPath
C:/Deals/OurGame/Game
-logFile
Logs/AssetImportWorker0.log
-srvPort
60796
Successfully changed project path to: C:/Deals/OurGame/Game
C:/Deals/OurGame/Game
Using Asset Import Pipeline V2.
Refreshing native plugins compatible for Editor in 53.27 ms, found 2 plugins.
Preloading 0 native plugins for Editor in 0.00 ms.
Initialize engine version: 2021.1.28f1 (f3f9dc10f3dd)
[Subsystems] Discovering subsystems at path C:/Program Files/Unity/Hub/Editor/2021.1.28f1/Editor/Data/Resources/UnitySubsystems
[Subsystems] Discovering subsystems at path C:/Deals/OurGame/Game/Assets
GfxDevice: creating device client; threaded=0; jobified=0
Direct3D:
    Version:  Direct3D 11.0 [level 11.1]
    Renderer: Intel(R) UHD Graphics 620 (ID=0x5917)
    Vendor:   Intel
    VRAM:     1965 MB
    Driver:   27.20.100.8681
Initialize mono
Mono path[0] = 'C:/Program Files/Unity/Hub/Editor/2021.1.28f1/Editor/Data/Managed'
Mono path[1] = 'C:/Program Files/Unity/Hub/Editor/2021.1.28f1/Editor/Data/MonoBleedingEdge/lib/mono/unityjit'
Mono config path = 'C:/Program Files/Unity/Hub/Editor/2021.1.28f1/Editor/Data/MonoBleedingEdge/etc'
Using monoOptions --debugger-agent=transport=dt_socket,embedding=1,server=y,suspend=n,address=127.0.0.1:56052
Begin MonoManager ReloadAssembly
Registering precompiled unity dll's ...
Register platform support module: C:/Program Files/Unity/Hub/Editor/2021.1.28f1/Editor/Data/PlaybackEngines/WindowsStandaloneSupport/UnityEditor.WindowsStandalone.Extensions.dll
Registered in 0.005263 seconds.
Native extension for WindowsStandalone target not found
Refreshing native plugins compatible for Editor in 43.67 ms, found 2 plugins.
Preloading 0 native plugins for Editor in 0.00 ms.
Mono: successfully reloaded assembly
- Completed reload, in  7.515 seconds
Domain Reload Profiling:
	ReloadAssembly (7515ms)
		BeginReloadAssembly (166ms)
			ExecutionOrderSort (0ms)
			DisableScriptedObjects (0ms)
			BackupInstance (0ms)
			ReleaseScriptingObjects (0ms)
			CreateAndSetChildDomain (1ms)
		EndReloadAssembly (1339ms)
			LoadAssemblies (166ms)
			RebuildTransferFunctionScriptingTraits (0ms)
			SetupTypeCache (456ms)
			ReleaseScriptCaches (0ms)
			RebuildScriptCaches (76ms)
			SetupLoadedEditorAssemblies (689ms)
				LogAssemblyErrors (0ms)
				InitializePlatformSupportModulesInManaged (14ms)
				SetLoadedEditorAssemblies (0ms)
				RefreshPlugins (44ms)
				BeforeProcessingInitializeOnLoad (2ms)
				ProcessInitializeOnLoadAttributes (542ms)
				ProcessInitializeOnLoadMethodAttributes (86ms)
				AfterProcessingInitializeOnLoad (0ms)
				EditorAssembliesLoaded (0ms)
			ExecutionOrderSort2 (0ms)
			AwakeInstancesAfterBackupRestoration (0ms)
Platform modules already initialized, skipping
Registering precompiled user dll's ...
Registered in 0.530384 seconds.
Begin MonoManager ReloadAssembly
Native extension for WindowsStandalone target not found
Refreshing native plugins compatible for Editor in 0.47 ms, found 2 plugins.
Preloading 0 native plugins for Editor in 0.00 ms.
Mono: successfully reloaded assembly
- Completed reload, in  1.356 seconds
Domain Reload Profiling:
	ReloadAssembly (1356ms)
		BeginReloadAssembly (218ms)
			ExecutionOrderSort (0ms)
			DisableScriptedObjects (5ms)
			BackupInstance (0ms)
			ReleaseScriptingObjects (0ms)
			CreateAndSetChildDomain (25ms)
		EndReloadAssembly (1052ms)
			LoadAssemblies (190ms)
			RebuildTransferFunctionScriptingTraits (0ms)
			SetupTypeCache (359ms)
			ReleaseScriptCaches (0ms)
			RebuildScriptCaches (51ms)
			SetupLoadedEditorAssemblies (364ms)
				LogAssemblyErrors (0ms)
				InitializePlatformSupportModulesInManaged (6ms)
				SetLoadedEditorAssemblies (0ms)
				RefreshPlugins (1ms)
				BeforeProcessingInitializeOnLoad (60ms)
				ProcessInitializeOnLoadAttributes (275ms)
				ProcessInitializeOnLoadMethodAttributes (15ms)
				AfterProcessingInitializeOnLoad (7ms)
				EditorAssembliesLoaded (0ms)
			ExecutionOrderSort2 (0ms)
			AwakeInstancesAfterBackupRestoration (7ms)
Platform modules already initialized, skipping
========================================================================
Worker process is ready to serve import requests
Launched and connected shader compiler UnityShaderCompiler.exe after 0.13 seconds
Refreshing native plugins compatible for Editor in 0.41 ms, found 2 plugins.
Preloading 0 native plugins for Editor in 0.00 ms.
Unloading 1513 Unused Serialized files (Serialized files now loaded: 0)
System memory in use before: 70.2 MB.
System memory in use after: 70.2 MB.

Unloading 19 unused Assets to reduce memory usage. Loaded Objects now: 1960.
Total: 5.800900 ms (FindLiveObjects: 0.175700 ms CreateObjectMapping: 0.047100 ms MarkObjects: 5.477400 ms  DeleteObjects: 0.098300 ms)

AssetImportParameters requested are different than current active one (requested -> active):
  custom:framework-win-MediaFoundation: 216162199b28c13a410421893ffa2e32 -> 
  custom:video-decoder-ogg-theora: a1e56fd34408186e4bbccfd4996cb3dc -> 
  custom:container-muxer-webm: aa71ff27fc2769a1b78a27578f13a17b -> 
  custom:container-demuxer-webm: 4f35f7cbe854078d1ac9338744f61a02 -> 
  custom:container-demuxer-ogg: 62fdf1f143b41e24485cea50d1cbac27 -> 
  custom:video-encoder-webm-vp8: eb34c28f22e8b96e1ab97ce403110664 -> 
  custom:video-decoder-webm-vp8: 9c59270c3fd7afecdb556c50c9e8de78 -> 
  custom:audio-decoder-ogg-vorbis: bf7c407c2cedff20999df2af8eb42d56 -> 
  custom:audio-encoder-webm-vorbis: bf7c407c2cedff20999df2af8eb42d56 -> 
========================================================================
Received Import Request.
  path: Assets/Scenes
  artifactKey: Guid(db8e7b93afa536b43ac47ba0235054b5) Importer(815301076,1909f56bfc062723c751e8b465ee728b)
Start importing Assets/Scenes using Guid(db8e7b93afa536b43ac47ba0235054b5) Importer(815301076,1909f56bfc062723c751e8b465ee728b)  -> (artifact id: '12f92b5ed227d6dc08a82903e778fef8') in 0.014713 seconds 
========================================================================
Received Import Request.
  Time since last request: 33.514750 seconds.
  path: Assets/Scenes/NewBehaviourScript.cs
  artifactKey: Guid(04d631a420c63c34d8f6e8a139cb93ce) Importer(815301076,1909f56bfc062723c751e8b465ee728b)
Start importing Assets/Scenes/NewBehaviourScript.cs using Guid(04d631a420c63c34d8f6e8a139cb93ce) Importer(815301076,1909f56bfc062723c751e8b465ee728b)  -> (artifact id: 'b53cd029cd83db1026c14caaecae635f') in 0.040764 seconds 
========================================================================
Received Import Request.
  Time since last request: 3.449807 seconds.
  path: Assets/Scripts
  artifactKey: Guid(a2c26f32d762c694489863119bee5981) Importer(815301076,1909f56bfc062723c751e8b465ee728b)
Start importing Assets/Scripts using Guid(a2c26f32d762c694489863119bee5981) Importer(815301076,1909f56bfc062723c751e8b465ee728b)  -> (artifact id: 'e426a2f1f48a6348aa56a4c52d8aa6c4') in 0.021112 seconds 
========================================================================
Received Import Request.
  Time since last request: 1.014260 seconds.
  path: Assets/Scripts/Based
  artifactKey: Guid(1e0e3e7af8048e24fb4caad31e0d2c7b) Importer(815301076,1909f56bfc062723c751e8b465ee728b)
Start importing Assets/Scripts/Based using Guid(1e0e3e7af8048e24fb4caad31e0d2c7b) Importer(815301076,1909f56bfc062723c751e8b465ee728b)  -> (artifact id: 'e894011a6ac3d57d65e1579d43384063') in 0.019145 seconds 
========================================================================
Received Import Request.
  Time since last request: 0.586484 seconds.
  path: Assets/Scripts/Based/MoveOutWall.cs
  artifactKey: Guid(6297bb416a566f747bf602de0c01218b) Importer(815301076,1909f56bfc062723c751e8b465ee728b)
Start importing Assets/Scripts/Based/MoveOutWall.cs using Guid(6297bb416a566f747bf602de0c01218b) Importer(815301076,1909f56bfc062723c751e8b465ee728b)  -> (artifact id: '9ff8e80a8597c34f8f88b3591a4c364d') in 0.015796 seconds 
========================================================================
Received Import Request.
  Time since last request: 1.149285 seconds.
  path: Assets/Scripts/Based/PlayerControl.cs
  artifactKey: Guid(6ea01fcfb639c384585730faf61920f9) Importer(815301076,1909f56bfc062723c751e8b465ee728b)
Start importing Assets/Scripts/Based/PlayerControl.cs using Guid(6ea01fcfb639c384585730faf61920f9) Importer(815301076,1909f56bfc062723c751e8b465ee728b)  -> (artifact id: '8d21a987549efe17d0b3277afea918e0') in 0.013305 seconds 
========================================================================
Received Import Request.
  Time since last request: 0.648766 seconds.
  path: Assets/Scripts/Based/RotationControl.cs
  artifactKey: Guid(9ef88350ba748a94782149e5a787f5fd) Importer(815301076,1909f56bfc062723c751e8b465ee728b)
Start importing Assets/Scripts/Based/RotationControl.cs using Guid(9ef88350ba748a94782149e5a787f5fd) Importer(815301076,1909f56bfc062723c751e8b465ee728b)  -> (artifact id: 'f8b3331a1eff6f971ffa4edf933ac026') in 0.014539 seconds 
========================================================================
Received Prepare
Registering precompiled user dll's ...
Registered in 0.004728 seconds.
Begin MonoManager ReloadAssembly
Native extension for WindowsStandalone target not found
Refreshing native plugins compatible for Editor in 0.41 ms, found 2 plugins.
Preloading 0 native plugins for Editor in 0.00 ms.
Mono: successfully reloaded assembly
- Completed reload, in  1.210 seconds
Domain Reload Profiling:
	ReloadAssembly (1210ms)
		BeginReloadAssembly (148ms)
			ExecutionOrderSort (0ms)
			DisableScriptedObjects (5ms)
			BackupInstance (0ms)
			ReleaseScriptingObjects (0ms)
			CreateAndSetChildDomain (42ms)
		EndReloadAssembly (992ms)
			LoadAssemblies (141ms)
			RebuildTransferFunctionScriptingTraits (0ms)
			SetupTypeCache (371ms)
			ReleaseScriptCaches (1ms)
			RebuildScriptCaches (46ms)
			SetupLoadedEditorAssemblies (320ms)
				LogAssemblyErrors (0ms)
				InitializePlatformSupportModulesInManaged (5ms)
				SetLoadedEditorAssemblies (0ms)
				RefreshPlugins (0ms)
				BeforeProcessingInitializeOnLoad (52ms)
				ProcessInitializeOnLoadAttributes (240ms)
				ProcessInitializeOnLoadMethodAttributes (12ms)
				AfterProcessingInitializeOnLoad (9ms)
				EditorAssembliesLoaded (0ms)
			ExecutionOrderSort2 (0ms)
			AwakeInstancesAfterBackupRestoration (9ms)
Platform modules already initialized, skipping
Refreshing native plugins compatible for Editor in 0.39 ms, found 2 plugins.
Preloading 0 native plugins for Editor in 0.00 ms.
Unloading 1507 Unused Serialized files (Serialized files now loaded: 0)
System memory in use before: 70.0 MB.
System memory in use after: 70.1 MB.

Unloading 14 unused Assets to reduce memory usage. Loaded Objects now: 1962.
Total: 3.543700 ms (FindLiveObjects: 0.171200 ms CreateObjectMapping: 0.046000 ms MarkObjects: 3.300300 ms  DeleteObjects: 0.024600 ms)

AssetImportParameters requested are different than current active one (requested -> active):
  custom:framework-win-MediaFoundation: 216162199b28c13a410421893ffa2e32 -> 
  custom:video-decoder-ogg-theora: a1e56fd34408186e4bbccfd4996cb3dc -> 
  custom:container-muxer-webm: aa71ff27fc2769a1b78a27578f13a17b -> 
  custom:container-demuxer-webm: 4f35f7cbe854078d1ac9338744f61a02 -> 
  custom:container-demuxer-ogg: 62fdf1f143b41e24485cea50d1cbac27 -> 
  custom:video-encoder-webm-vp8: eb34c28f22e8b96e1ab97ce403110664 -> 
  custom:video-decoder-webm-vp8: 9c59270c3fd7afecdb556c50c9e8de78 -> 
  custom:audio-decoder-ogg-vorbis: bf7c407c2cedff20999df2af8eb42d56 -> 
  custom:audio-encoder-webm-vorbis: bf7c407c2cedff20999df2af8eb42d56 -> 
========================================================================
Received Import Request.
  Time since last request: 387.659271 seconds.
  path: Assets/StoneFloorTexture/stone_floor_d.png
  artifactKey: Guid(6450329bf1bc5314d894e25d73e26b89) Importer(815301076,1909f56bfc062723c751e8b465ee728b)
Start importing Assets/StoneFloorTexture/stone_floor_d.png using Guid(6450329bf1bc5314d894e25d73e26b89) Importer(815301076,1909f56bfc062723c751e8b465ee728b)  -> (artifact id: 'f701807a19dbdf8cbab11dcd34f509cd') in 0.072822 seconds 
========================================================================
Received Import Request.
  Time since last request: 81.784844 seconds.
  path: Assets/Sand textures pack/Sand 01
  artifactKey: Guid(184a4367241971540b0e2da8209324ae) Importer(815301076,1909f56bfc062723c751e8b465ee728b)
Start importing Assets/Sand textures pack/Sand 01 using Guid(184a4367241971540b0e2da8209324ae) Importer(815301076,1909f56bfc062723c751e8b465ee728b)  -> (artifact id: 'f81841b41d2df7c293691bd21c57cc47') in 0.013895 seconds 
========================================================================
Received Import Request.
  Time since last request: 0.038798 seconds.
  path: Assets/Sand textures pack/Sand 01/diffuse.tga
  artifactKey: Guid(290c02f76666bf444b5d58aaf8ee8151) Importer(815301076,1909f56bfc062723c751e8b465ee728b)
Start importing Assets/Sand textures pack/Sand 01/diffuse.tga using Guid(290c02f76666bf444b5d58aaf8ee8151) Importer(815301076,1909f56bfc062723c751e8b465ee728b)  -> (artifact id: '892b1a1d1b914d939eb980bd5792a704') in 0.033598 seconds 
========================================================================
Received Import Request.
  Time since last request: 0.000311 seconds.
  path: Assets/Sand textures pack/Sand 01/Sand pattern 01.mat
  artifactKey: Guid(aefa62ee04789e745b9c2b7d23a21e67) Importer(815301076,1909f56bfc062723c751e8b465ee728b)
Start importing Assets/Sand textures pack/Sand 01/Sand pattern 01.mat using Guid(aefa62ee04789e745b9c2b7d23a21e67) Importer(815301076,1909f56bfc062723c751e8b465ee728b)  -> (artifact id: '60dd14d19217608bf15008537d52dac2') in 0.471743 seconds 
========================================================================
Received Import Request.
  Time since last request: 0.000300 seconds.
  path: Assets/Sand textures pack/Sand 01/preview.jpg
  artifactKey: Guid(c355b6f9819638f4c932556a463ed828) Importer(815301076,1909f56bfc062723c751e8b465ee728b)
Start importing Assets/Sand textures pack/Sand 01/preview.jpg using Guid(c355b6f9819638f4c932556a463ed828) Importer(815301076,1909f56bfc062723c751e8b465ee728b)  -> (artifact id: '8878bac0e4391c5da2ef6ff941184aa4') in 0.039915 seconds 
========================================================================
Received Import Request.
  Time since last request: 0.000440 seconds.
  path: Assets/Sand textures pack/Sand 01/normal.tga
  artifactKey: Guid(c7ae2d77608d4fb4380bfcbf944e3282) Importer(815301076,1909f56bfc062723c751e8b465ee728b)
Start importing Assets/Sand textures pack/Sand 01/normal.tga using Guid(c7ae2d77608d4fb4380bfcbf944e3282) Importer(815301076,1909f56bfc062723c751e8b465ee728b)  -> (artifact id: '646378afe4e4cdc40e08c1f150a0d86e') in 0.058402 seconds 
========================================================================
Received Import Request.
  Time since last request: 4.772224 seconds.
  path: Assets/Sand textures pack/Sand 02
  artifactKey: Guid(24a82c3fdc1d5f448ada72781641474f) Importer(815301076,1909f56bfc062723c751e8b465ee728b)
Start importing Assets/Sand textures pack/Sand 02 using Guid(24a82c3fdc1d5f448ada72781641474f) Importer(815301076,1909f56bfc062723c751e8b465ee728b)  -> (artifact id: 'acb0c2395d9f2671cc506eb63efba5a7') in 0.016449 seconds 
========================================================================
Received Import Request.
  Time since last request: 0.038793 seconds.
  path: Assets/Sand textures pack/Sand 02/diffuse.tga
  artifactKey: Guid(249658be85c3a614fb5a8d8eb3cf0f52) Importer(815301076,1909f56bfc062723c751e8b465ee728b)
Start importing Assets/Sand textures pack/Sand 02/diffuse.tga using Guid(249658be85c3a614fb5a8d8eb3cf0f52) Importer(815301076,1909f56bfc062723c751e8b465ee728b)  -> (artifact id: '71af58ccae1bc0633adab6a367f9eb2f') in 0.017371 seconds 
========================================================================
Received Import Request.
  Time since last request: 0.000323 seconds.
  path: Assets/Sand textures pack/Sand 02/preview.jpg
  artifactKey: Guid(d718b052bebcf3f459b8b3643a53b25a) Importer(815301076,1909f56bfc062723c751e8b465ee728b)
Start importing Assets/Sand textures pack/Sand 02/preview.jpg using Guid(d718b052bebcf3f459b8b3643a53b25a) Importer(815301076,1909f56bfc062723c751e8b465ee728b)  -> (artifact id: 'f11e8187411a28920146bd18501e35d3') in 0.026302 seconds 
========================================================================
Received Import Request.
  Time since last request: 0.000999 seconds.
  path: Assets/Sand textures pack/Sand 02/normal.tga
  artifactKey: Guid(427cf221b0e5f4b4da9d0821562ddc18) Importer(815301076,1909f56bfc062723c751e8b465ee728b)
Start importing Assets/Sand textures pack/Sand 02/normal.tga using Guid(427cf221b0e5f4b4da9d0821562ddc18) Importer(815301076,1909f56bfc062723c751e8b465ee728b)  -> (artifact id: '54868dd5a9b1cd63b9961ac1b8b23493') in 0.034451 seconds 
========================================================================
Received Import Request.
  Time since last request: 0.000465 seconds.
  path: Assets/Sand textures pack/Sand 02/Sand pattern 02.mat
  artifactKey: Guid(621a6429119a1554e8384aa7b111e775) Importer(815301076,1909f56bfc062723c751e8b465ee728b)
Start importing Assets/Sand textures pack/Sand 02/Sand pattern 02.mat using Guid(621a6429119a1554e8384aa7b111e775) Importer(815301076,1909f56bfc062723c751e8b465ee728b)  -> (artifact id: '574fc6a2d85b58258f5d18c39479e3cf') in 0.045639 seconds 
========================================================================
Received Import Request.
  Time since last request: 15.506964 seconds.
  path: Assets/Sand textures pack/Sand 04
  artifactKey: Guid(87cc3777c4756b24f8ede54f5d31123c) Importer(815301076,1909f56bfc062723c751e8b465ee728b)
Start importing Assets/Sand textures pack/Sand 04 using Guid(87cc3777c4756b24f8ede54f5d31123c) Importer(815301076,1909f56bfc062723c751e8b465ee728b)  -> (artifact id: '2dd4fd9ef96aaedac08612dc5a0e90e0') in 0.018250 seconds 
========================================================================
Received Import Request.
  Time since last request: 0.029530 seconds.
  path: Assets/Sand textures pack/Sand 04/diffuse.tga
  artifactKey: Guid(b3a688c8751b80348b50c839645b1893) Importer(815301076,1909f56bfc062723c751e8b465ee728b)
Start importing Assets/Sand textures pack/Sand 04/diffuse.tga using Guid(b3a688c8751b80348b50c839645b1893) Importer(815301076,1909f56bfc062723c751e8b465ee728b)  -> (artifact id: '79b53fc3c3d3f1bdcad13c309a210095') in 0.018183 seconds 
========================================================================
Received Import Request.
  Time since last request: 0.000335 seconds.
  path: Assets/Sand textures pack/Sand 04/preview.jpg
  artifactKey: Guid(694b20c372c6c0b45bf35c32e619ca5b) Importer(815301076,1909f56bfc062723c751e8b465ee728b)
Start importing Assets/Sand textures pack/Sand 04/preview.jpg using Guid(694b20c372c6c0b45bf35c32e619ca5b) Importer(815301076,1909f56bfc062723c751e8b465ee728b)  -> (artifact id: '9f5e2288551278dad296ca2f65d1899d') in 0.021306 seconds 
========================================================================
Received Import Request.
  Time since last request: 0.000377 seconds.
  path: Assets/Sand textures pack/Sand 04/normal.tga
  artifactKey: Guid(5b605e7f683caf04cbc4b1b74299d86d) Importer(815301076,1909f56bfc062723c751e8b465ee728b)
Start importing Assets/Sand textures pack/Sand 04/normal.tga using Guid(5b605e7f683caf04cbc4b1b74299d86d) Importer(815301076,1909f56bfc062723c751e8b465ee728b)  -> (artifact id: 'e9d2595638756aa0e5cda2f80f328edb') in 0.027581 seconds 
========================================================================
Received Import Request.
  Time since last request: 0.000426 seconds.
  path: Assets/Sand textures pack/Sand 04/Sand pattern 04.mat
  artifactKey: Guid(5316922ceb4b0e049a0264d9d31c6a43) Importer(815301076,1909f56bfc062723c751e8b465ee728b)
Start importing Assets/Sand textures pack/Sand 04/Sand pattern 04.mat using Guid(5316922ceb4b0e049a0264d9d31c6a43) Importer(815301076,1909f56bfc062723c751e8b465ee728b)  -> (artifact id: '31dc2c455cf71c2a5048f27b3c72ec37') in 0.045619 seconds 
========================================================================
Received Import Request.
  Time since last request: 36.645599 seconds.
  path: Assets/TileableBricksWall
  artifactKey: Guid(62b969a3cadf7044d8f27d5ddb8ee049) Importer(815301076,1909f56bfc062723c751e8b465ee728b)
Start importing Assets/TileableBricksWall using Guid(62b969a3cadf7044d8f27d5ddb8ee049) Importer(815301076,1909f56bfc062723c751e8b465ee728b)  -> (artifact id: '3b0a4688c5482555662277de47474ccf') in 0.015916 seconds 
========================================================================
Received Import Request.
  Time since last request: 1.132166 seconds.
  path: Assets/TileableBricksWall/Materials
  artifactKey: Guid(33b5a58345be24e4b805175ee4850706) Importer(815301076,1909f56bfc062723c751e8b465ee728b)
Start importing Assets/TileableBricksWall/Materials using Guid(33b5a58345be24e4b805175ee4850706) Importer(815301076,1909f56bfc062723c751e8b465ee728b)  -> (artifact id: '4d9b946949a0d62cded2cd8d0764130d') in 0.024255 seconds 
========================================================================
Received Import Request.
  Time since last request: 0.032622 seconds.
  path: Assets/TileableBricksWall/Materials/Wall_1x1.mat
  artifactKey: Guid(db0a862d5a023ba4288e2376938be9f5) Importer(815301076,1909f56bfc062723c751e8b465ee728b)
Start importing Assets/TileableBricksWall/Materials/Wall_1x1.mat using Guid(db0a862d5a023ba4288e2376938be9f5) Importer(815301076,1909f56bfc062723c751e8b465ee728b)  -> (artifact id: 'cc1669b82880ec49cd834161ea986e94') in 0.207256 seconds 
========================================================================
Received Import Request.
  Time since last request: 0.000340 seconds.
  path: Assets/TileableBricksWall/Materials/Wall_4x1.mat
  artifactKey: Guid(044cbabd03c408249a9c1b36bc0e10e0) Importer(815301076,1909f56bfc062723c751e8b465ee728b)
Start importing Assets/TileableBricksWall/Materials/Wall_4x1.mat using Guid(044cbabd03c408249a9c1b36bc0e10e0) Importer(815301076,1909f56bfc062723c751e8b465ee728b)  -> (artifact id: 'ad4e363989de452e723f6d9996fe1d3f') in 0.240850 seconds 
========================================================================
Received Import Request.
  Time since last request: 0.000314 seconds.
  path: Assets/TileableBricksWall/Materials/Wall_7x1.mat
  artifactKey: Guid(3abf473d50106f44c9611c2c76fd9a91) Importer(815301076,1909f56bfc062723c751e8b465ee728b)
Start importing Assets/TileableBricksWall/Materials/Wall_7x1.mat using Guid(3abf473d50106f44c9611c2c76fd9a91) Importer(815301076,1909f56bfc062723c751e8b465ee728b)  -> (artifact id: 'd3d5354c623886ff2896b949baa6e894') in 0.037721 seconds 
========================================================================
Received Import Request.
  Time since last request: 0.000606 seconds.
  path: Assets/TileableBricksWall/Materials/Wall_12x1.mat
  artifactKey: Guid(333a08b54ec5eec4f84f74d910ad751e) Importer(815301076,1909f56bfc062723c751e8b465ee728b)
Start importing Assets/TileableBricksWall/Materials/Wall_12x1.mat using Guid(333a08b54ec5eec4f84f74d910ad751e) Importer(815301076,1909f56bfc062723c751e8b465ee728b)  -> (artifact id: 'c25586792132866afa130248486a1e01') in 0.051077 seconds 
========================================================================
Received Import Request.
  Time since last request: 0.660745 seconds.
  path: Assets/TileableBricksWall/Textures/Bricks_diffuse.TGA
  artifactKey: Guid(e0151d2c7bc1bfc4a82177d0298dd56e) Importer(815301076,1909f56bfc062723c751e8b465ee728b)
Start importing Assets/TileableBricksWall/Textures/Bricks_diffuse.TGA using Guid(e0151d2c7bc1bfc4a82177d0298dd56e) Importer(815301076,1909f56bfc062723c751e8b465ee728b)  -> (artifact id: '95c025f0ecaca03c2d354f6c3efe843b') in 0.043776 seconds 
========================================================================
Received Import Request.
  Time since last request: 0.000381 seconds.
  path: Assets/TileableBricksWall/Textures/Bricks_normal.TGA
  artifactKey: Guid(1190d41b950921e44a16b0f6319d4e97) Importer(815301076,1909f56bfc062723c751e8b465ee728b)
Start importing Assets/TileableBricksWall/Textures/Bricks_normal.TGA using Guid(1190d41b950921e44a16b0f6319d4e97) Importer(815301076,1909f56bfc062723c751e8b465ee728b)  -> (artifact id: '0fd7b5f867cdf3d801d0f0bd8e5672fa') in 0.043438 seconds 
========================================================================
Received Import Request.
  Time since last request: 0.000719 seconds.
  path: Assets/TileableBricksWall/Textures/Height_map.TGA
  artifactKey: Guid(c2d480cfeca8d5e418965feb1ec15754) Importer(815301076,1909f56bfc062723c751e8b465ee728b)
Start importing Assets/TileableBricksWall/Textures/Height_map.TGA using Guid(c2d480cfeca8d5e418965feb1ec15754) Importer(815301076,1909f56bfc062723c751e8b465ee728b)  -> (artifact id: '75c74c6d7adf1682ace57b75a9649fbf') in 0.037461 seconds 
========================================================================
Received Import Request.
  Time since last request: 8.948722 seconds.
  path: Assets/StoneFloorTexture
  artifactKey: Guid(2b36e92618312e847b25292f6753c03e) Importer(815301076,1909f56bfc062723c751e8b465ee728b)
Start importing Assets/StoneFloorTexture using Guid(2b36e92618312e847b25292f6753c03e) Importer(815301076,1909f56bfc062723c751e8b465ee728b)  -> (artifact id: '22fefe3eae746159751ee2016aef02bb') in 0.035105 seconds 
========================================================================
Received Import Request.
  Time since last request: 5.541052 seconds.
  path: Assets/StoneFloorTexture/Materials
  artifactKey: Guid(9412ebc9178c0b14e92ee4cb085c7c12) Importer(815301076,1909f56bfc062723c751e8b465ee728b)
Start importing Assets/StoneFloorTexture/Materials using Guid(9412ebc9178c0b14e92ee4cb085c7c12) Importer(815301076,1909f56bfc062723c751e8b465ee728b)  -> (artifact id: '5caba44932dca9273b22c7eceb4a91c8') in 0.004987 seconds 
========================================================================
Received Import Request.
  Time since last request: 0.061362 seconds.
  path: Assets/StoneFloorTexture/Materials/stone_floor_d.mat
  artifactKey: Guid(fcc96609e4b818b4aba49822990738a8) Importer(815301076,1909f56bfc062723c751e8b465ee728b)
Start importing Assets/StoneFloorTexture/Materials/stone_floor_d.mat using Guid(fcc96609e4b818b4aba49822990738a8) Importer(815301076,1909f56bfc062723c751e8b465ee728b)  -> (artifact id: '57ff1f356f20815ee8573dcd5d9c6fe2') in 0.026427 seconds 
========================================================================
Received Import Request.
  Time since last request: 13.114200 seconds.
  path: Assets/Sand textures pack
  artifactKey: Guid(49436286a88dc834ca1d10c57b42f08e) Importer(815301076,1909f56bfc062723c751e8b465ee728b)
Start importing Assets/Sand textures pack using Guid(49436286a88dc834ca1d10c57b42f08e) Importer(815301076,1909f56bfc062723c751e8b465ee728b)  -> (artifact id: '50a10d4eff8fd44db955f68a930b575b') in 0.023938 seconds 
========================================================================
Received Import Request.
  Time since last request: 5.268404 seconds.
  path: Assets/Sand textures pack/Sand 06
  artifactKey: Guid(4273f0de49c426c49b4554910407fa09) Importer(815301076,1909f56bfc062723c751e8b465ee728b)
Start importing Assets/Sand textures pack/Sand 06 using Guid(4273f0de49c426c49b4554910407fa09) Importer(815301076,1909f56bfc062723c751e8b465ee728b)  -> (artifact id: 'e3327f5ad28f6d2aebfc506e81bd8c90') in 0.019761 seconds 
========================================================================
Received Import Request.
  Time since last request: 0.002422 seconds.
  path: Assets/Sand textures pack/Sand 06/diffuse.tga
  artifactKey: Guid(ad000eaa5a11e6541a69dcd7ffa18a80) Importer(815301076,1909f56bfc062723c751e8b465ee728b)
Start importing Assets/Sand textures pack/Sand 06/diffuse.tga using Guid(ad000eaa5a11e6541a69dcd7ffa18a80) Importer(815301076,1909f56bfc062723c751e8b465ee728b)  -> (artifact id: '2e30412db7f66f40fa8b2703a98f9c07') in 0.039396 seconds 
========================================================================
Received Import Request.
  Time since last request: 0.000334 seconds.
  path: Assets/Sand textures pack/Sand 06/normal.tga
  artifactKey: Guid(b8a33275f31850a48b5abd4c13a44cd4) Importer(815301076,1909f56bfc062723c751e8b465ee728b)
Start importing Assets/Sand textures pack/Sand 06/normal.tga using Guid(b8a33275f31850a48b5abd4c13a44cd4) Importer(815301076,1909f56bfc062723c751e8b465ee728b)  -> (artifact id: 'bdf592b0edceca1cf6d9344f534cdc1c') in 0.029626 seconds 
========================================================================
Received Import Request.
  Time since last request: 0.000382 seconds.
  path: Assets/Sand textures pack/Sand 06/preview.jpg
  artifactKey: Guid(94de8f5eb8e9a0747860c70a4105c906) Importer(815301076,1909f56bfc062723c751e8b465ee728b)
Start importing Assets/Sand textures pack/Sand 06/preview.jpg using Guid(94de8f5eb8e9a0747860c70a4105c906) Importer(815301076,1909f56bfc062723c751e8b465ee728b)  -> (artifact id: 'e11cde92bf2aaec5a80eccb8efaa8d3c') in 0.027315 seconds 
========================================================================
Received Import Request.
  Time since last request: 0.000895 seconds.
  path: Assets/Sand textures pack/Sand 06/Sand pattern 06.mat
  artifactKey: Guid(983e0992e19cd6b488952f5565ef1372) Importer(815301076,1909f56bfc062723c751e8b465ee728b)
Start importing Assets/Sand textures pack/Sand 06/Sand pattern 06.mat using Guid(983e0992e19cd6b488952f5565ef1372) Importer(815301076,1909f56bfc062723c751e8b465ee728b)  -> (artifact id: 'ba9b2b60455bb0f237540daac2f6eb4e') in 0.040472 seconds 
========================================================================
Received Import Request.
  Time since last request: 222.141547 seconds.
  path: Assets/Sand textures pack/Sand 07
  artifactKey: Guid(a48142ff87ac92844a4d351ec1c07bba) Importer(815301076,1909f56bfc062723c751e8b465ee728b)
Start importing Assets/Sand textures pack/Sand 07 using Guid(a48142ff87ac92844a4d351ec1c07bba) Importer(815301076,1909f56bfc062723c751e8b465ee728b)  -> (artifact id: '74be2b171d8c28a001a764aa01256870') in 0.029168 seconds 
========================================================================
Received Import Request.
  Time since last request: 0.042075 seconds.
  path: Assets/Sand textures pack/Sand 07/diffuse.tga
  artifactKey: Guid(59340c34796aba74f821afc78115b91c) Importer(815301076,1909f56bfc062723c751e8b465ee728b)
Start importing Assets/Sand textures pack/Sand 07/diffuse.tga using Guid(59340c34796aba74f821afc78115b91c) Importer(815301076,1909f56bfc062723c751e8b465ee728b)  -> (artifact id: '0df977ae7aef8697ec59f06dcbf0fa78') in 0.023248 seconds 
========================================================================
Received Import Request.
  Time since last request: 0.000205 seconds.
  path: Assets/Sand textures pack/Sand 07/normal.tga
  artifactKey: Guid(1ca8aa938472ee44881646574d844978) Importer(815301076,1909f56bfc062723c751e8b465ee728b)
Start importing Assets/Sand textures pack/Sand 07/normal.tga using Guid(1ca8aa938472ee44881646574d844978) Importer(815301076,1909f56bfc062723c751e8b465ee728b)  -> (artifact id: '67194c214e9f8eac79df9c2a109f1b36') in 0.029336 seconds 
========================================================================
Received Import Request.
  Time since last request: 0.000552 seconds.
  path: Assets/Sand textures pack/Sand 07/Sand pattern 07.mat
  artifactKey: Guid(3656d0aa017075d48939785eefd39dc1) Importer(815301076,1909f56bfc062723c751e8b465ee728b)
Start importing Assets/Sand textures pack/Sand 07/Sand pattern 07.mat using Guid(3656d0aa017075d48939785eefd39dc1) Importer(815301076,1909f56bfc062723c751e8b465ee728b)  -> (artifact id: 'ae230896b2e62549467b2dc26f56e63b') in 0.046753 seconds 
========================================================================
Received Import Request.
  Time since last request: 0.000190 seconds.
  path: Assets/Sand textures pack/Sand 07/preview.jpg
  artifactKey: Guid(5415f499916bc6343be05490a1cf31de) Importer(815301076,1909f56bfc062723c751e8b465ee728b)
Start importing Assets/Sand textures pack/Sand 07/preview.jpg using Guid(5415f499916bc6343be05490a1cf31de) Importer(815301076,1909f56bfc062723c751e8b465ee728b)  -> (artifact id: '569bcee236d493ea46ad3e0943fa9d3b') in 0.029717 seconds 
========================================================================
Received Import Request.
  Time since last request: 7.503869 seconds.
  path: Assets/Sand textures pack/Sand 08
  artifactKey: Guid(a2a6524b28a1b4d429c9c196f21a0767) Importer(815301076,1909f56bfc062723c751e8b465ee728b)
Start importing Assets/Sand textures pack/Sand 08 using Guid(a2a6524b28a1b4d429c9c196f21a0767) Importer(815301076,1909f56bfc062723c751e8b465ee728b)  -> (artifact id: 'e08a11e332dec1bbb31ad21d11c73138') in 0.016854 seconds 
========================================================================
Received Import Request.
  Time since last request: 1.040292 seconds.
  path: Assets/Sand textures pack/Sand 08/diffuse.tga
  artifactKey: Guid(02b230a6dbc126f49ac17778565ed96e) Importer(815301076,1909f56bfc062723c751e8b465ee728b)
Start importing Assets/Sand textures pack/Sand 08/diffuse.tga using Guid(02b230a6dbc126f49ac17778565ed96e) Importer(815301076,1909f56bfc062723c751e8b465ee728b)  -> (artifact id: '06a1982d35cb6ff9eee72e13205d16a3') in 0.020240 seconds 
========================================================================
Received Import Request.
  Time since last request: 0.000354 seconds.
  path: Assets/Sand textures pack/Sand 08/preview.jpg
  artifactKey: Guid(fdef338877fb05e41ab50eb9c5a9835d) Importer(815301076,1909f56bfc062723c751e8b465ee728b)
Start importing Assets/Sand textures pack/Sand 08/preview.jpg using Guid(fdef338877fb05e41ab50eb9c5a9835d) Importer(815301076,1909f56bfc062723c751e8b465ee728b)  -> (artifact id: 'f70018661bdc518f3ca41824725571e9') in 0.025945 seconds 
========================================================================
Received Import Request.
  Time since last request: 0.000407 seconds.
  path: Assets/Sand textures pack/Sand 08/Sand pattern 08.mat
  artifactKey: Guid(5932f2760d420ff4da6d82bd54fe830d) Importer(815301076,1909f56bfc062723c751e8b465ee728b)
Start importing Assets/Sand textures pack/Sand 08/Sand pattern 08.mat using Guid(5932f2760d420ff4da6d82bd54fe830d) Importer(815301076,1909f56bfc062723c751e8b465ee728b)  -> (artifact id: '8e74288bf5a3084a67fc4986ce86dba7') in 0.035626 seconds 
========================================================================
Received Import Request.
  Time since last request: 0.000291 seconds.
  path: Assets/Sand textures pack/Sand 08/normal.tga
  artifactKey: Guid(fe410fd1abc028549802745a6ba31814) Importer(815301076,1909f56bfc062723c751e8b465ee728b)
Start importing Assets/Sand textures pack/Sand 08/normal.tga using Guid(fe410fd1abc028549802745a6ba31814) Importer(815301076,1909f56bfc062723c751e8b465ee728b)  -> (artifact id: '592cad869fb6e336cadaf5290678741b') in 0.034497 seconds 
========================================================================
Received Import Request.
  Time since last request: 3.993361 seconds.
  path: Assets/Sand textures pack/Sand 09
  artifactKey: Guid(3d680988f70500c478d6ae95aad2e044) Importer(815301076,1909f56bfc062723c751e8b465ee728b)
Start importing Assets/Sand textures pack/Sand 09 using Guid(3d680988f70500c478d6ae95aad2e044) Importer(815301076,1909f56bfc062723c751e8b465ee728b)  -> (artifact id: 'faf78822fe22ff119008ec8aa569a740') in 0.017660 seconds 
========================================================================
Received Import Request.
  Time since last request: 0.031809 seconds.
  path: Assets/Sand textures pack/Sand 09/diffuse.tga
  artifactKey: Guid(a4ceed7e55067fa4f8f7b96f3f8abc23) Importer(815301076,1909f56bfc062723c751e8b465ee728b)
Start importing Assets/Sand textures pack/Sand 09/diffuse.tga using Guid(a4ceed7e55067fa4f8f7b96f3f8abc23) Importer(815301076,1909f56bfc062723c751e8b465ee728b)  -> (artifact id: '8d49b52e65fff2451f0d5b3f28cc1f1e') in 0.018651 seconds 
========================================================================
Received Import Request.
  Time since last request: 0.000344 seconds.
  path: Assets/Sand textures pack/Sand 09/preview.jpg
  artifactKey: Guid(11a2e73c603c56348baeadc3ae3e15d5) Importer(815301076,1909f56bfc062723c751e8b465ee728b)
Start importing Assets/Sand textures pack/Sand 09/preview.jpg using Guid(11a2e73c603c56348baeadc3ae3e15d5) Importer(815301076,1909f56bfc062723c751e8b465ee728b)  -> (artifact id: '235659efbdf7ebbcfea07249cc9860a0') in 0.035974 seconds 
========================================================================
Received Import Request.
  Time since last request: 0.000306 seconds.
  path: Assets/Sand textures pack/Sand 09/Sand pattern 09.mat
  artifactKey: Guid(82f5feab8d85b3d4bb877287d1f8fb27) Importer(815301076,1909f56bfc062723c751e8b465ee728b)
Start importing Assets/Sand textures pack/Sand 09/Sand pattern 09.mat using Guid(82f5feab8d85b3d4bb877287d1f8fb27) Importer(815301076,1909f56bfc062723c751e8b465ee728b)  -> (artifact id: 'a4b30a743eb49bf66b0ee53afe512fcd') in 0.042458 seconds 
========================================================================
Received Import Request.
  Time since last request: 0.000290 seconds.
  path: Assets/Sand textures pack/Sand 09/normal.tga
  artifactKey: Guid(db2aff9b79c106746afb3167aeea3bd1) Importer(815301076,1909f56bfc062723c751e8b465ee728b)
Start importing Assets/Sand textures pack/Sand 09/normal.tga using Guid(db2aff9b79c106746afb3167aeea3bd1) Importer(815301076,1909f56bfc062723c751e8b465ee728b)  -> (artifact id: '99e15ce8cbd3bb613846c650d3f7203a') in 0.029477 seconds 
========================================================================
Received Import Request.
  Time since last request: 6.941668 seconds.
  path: Assets/Sand textures pack/Sand 05
  artifactKey: Guid(6229ff8b0c0d08645bfa2097ff66bb8f) Importer(815301076,1909f56bfc062723c751e8b465ee728b)
Start importing Assets/Sand textures pack/Sand 05 using Guid(6229ff8b0c0d08645bfa2097ff66bb8f) Importer(815301076,1909f56bfc062723c751e8b465ee728b)  -> (artifact id: 'ebabcc7166c67859da2e2099c3421a2c') in 0.023714 seconds 
========================================================================
Received Import Request.
  Time since last request: 0.119408 seconds.
  path: Assets/Sand textures pack/Sand 05/diffuse.tga
  artifactKey: Guid(c16540716d43a52419d74c2940ffe2b2) Importer(815301076,1909f56bfc062723c751e8b465ee728b)
Start importing Assets/Sand textures pack/Sand 05/diffuse.tga using Guid(c16540716d43a52419d74c2940ffe2b2) Importer(815301076,1909f56bfc062723c751e8b465ee728b)  -> (artifact id: 'b8d426853a13120d79fa36b8e4992dd8') in 0.019448 seconds 
========================================================================
Received Import Request.
  Time since last request: 0.000328 seconds.
  path: Assets/Sand textures pack/Sand 05/preview.jpg
  artifactKey: Guid(784e6c9e2fe61334ea00c90f586799b4) Importer(815301076,1909f56bfc062723c751e8b465ee728b)
Start importing Assets/Sand textures pack/Sand 05/preview.jpg using Guid(784e6c9e2fe61334ea00c90f586799b4) Importer(815301076,1909f56bfc062723c751e8b465ee728b)  -> (artifact id: 'de46206b184a0735e3a4796240e3dcc5') in 0.027400 seconds 
========================================================================
Received Import Request.
  Time since last request: 0.000378 seconds.
  path: Assets/Sand textures pack/Sand 05/Sand pattern 05.mat
  artifactKey: Guid(0fe09d884d05833478278bfad09bb050) Importer(815301076,1909f56bfc062723c751e8b465ee728b)
Start importing Assets/Sand textures pack/Sand 05/Sand pattern 05.mat using Guid(0fe09d884d05833478278bfad09bb050) Importer(815301076,1909f56bfc062723c751e8b465ee728b)  -> (artifact id: '386b3342fbf4b85cd072fc77b9392c35') in 0.039701 seconds 
========================================================================
Received Import Request.
  Time since last request: 0.000544 seconds.
  path: Assets/Sand textures pack/Sand 05/normal.tga
  artifactKey: Guid(0dd806b1d20ab4a43bf0aa049663105f) Importer(815301076,1909f56bfc062723c751e8b465ee728b)
Start importing Assets/Sand textures pack/Sand 05/normal.tga using Guid(0dd806b1d20ab4a43bf0aa049663105f) Importer(815301076,1909f56bfc062723c751e8b465ee728b)  -> (artifact id: '84958dedf3edf6d2c6e841334b624b1d') in 0.030245 seconds 
========================================================================
Received Import Request.
  Time since last request: 37.075634 seconds.
  path: Assets/Sand textures pack/Sand 03
  artifactKey: Guid(5b0d8cb9180df3e48a2008413d83bd1d) Importer(815301076,1909f56bfc062723c751e8b465ee728b)
Start importing Assets/Sand textures pack/Sand 03 using Guid(5b0d8cb9180df3e48a2008413d83bd1d) Importer(815301076,1909f56bfc062723c751e8b465ee728b)  -> (artifact id: '1fc95767f7958e89ef02577ae4419cb2') in 0.019405 seconds 
========================================================================
Received Import Request.
  Time since last request: 0.053416 seconds.
  path: Assets/Sand textures pack/Sand 03/diffuse.tga
  artifactKey: Guid(573734e01a86b9d40b6c8dc8d74a1932) Importer(815301076,1909f56bfc062723c751e8b465ee728b)
Start importing Assets/Sand textures pack/Sand 03/diffuse.tga using Guid(573734e01a86b9d40b6c8dc8d74a1932) Importer(815301076,1909f56bfc062723c751e8b465ee728b)  -> (artifact id: '4b10f5fe661a9b9672093e8a36dc2187') in 0.019619 seconds 
========================================================================
Received Import Request.
  Time since last request: 0.000342 seconds.
  path: Assets/Sand textures pack/Sand 03/normal.tga
  artifactKey: Guid(6de787b941a84ab47aa819718eab2994) Importer(815301076,1909f56bfc062723c751e8b465ee728b)
Start importing Assets/Sand textures pack/Sand 03/normal.tga using Guid(6de787b941a84ab47aa819718eab2994) Importer(815301076,1909f56bfc062723c751e8b465ee728b)  -> (artifact id: '2f094591ccf44d2cb8b65502ec9bf05b') in 0.033650 seconds 
========================================================================
Received Import Request.
  Time since last request: 0.000338 seconds.
  path: Assets/Sand textures pack/Sand 03/preview.jpg
  artifactKey: Guid(db8f734d24bb14047a116ee10e629eba) Importer(815301076,1909f56bfc062723c751e8b465ee728b)
Start importing Assets/Sand textures pack/Sand 03/preview.jpg using Guid(db8f734d24bb14047a116ee10e629eba) Importer(815301076,1909f56bfc062723c751e8b465ee728b)  -> (artifact id: '0d4715548249f581a10fa2bd3def2541') in 0.023116 seconds 
========================================================================
Received Import Request.
  Time since last request: 0.000316 seconds.
  path: Assets/Sand textures pack/Sand 03/Sand pattern 03.mat
  artifactKey: Guid(065a3f32f15eafa4c8ade8c33a885e9d) Importer(815301076,1909f56bfc062723c751e8b465ee728b)
Start importing Assets/Sand textures pack/Sand 03/Sand pattern 03.mat using Guid(065a3f32f15eafa4c8ade8c33a885e9d) Importer(815301076,1909f56bfc062723c751e8b465ee728b)  -> (artifact id: '342b257bdb98b8bf61e99cae2bca22e6') in 0.035313 seconds 
========================================================================
Received Prepare
Registering precompiled user dll's ...
Registered in 0.012876 seconds.
Begin MonoManager ReloadAssembly
Native extension for WindowsStandalone target not found
Refreshing native plugins compatible for Editor in 0.49 ms, found 2 plugins.
Preloading 0 native plugins for Editor in 0.00 ms.
Mono: successfully reloaded assembly
- Completed reload, in  1.555 seconds
Domain Reload Profiling:
	ReloadAssembly (1556ms)
		BeginReloadAssembly (246ms)
			ExecutionOrderSort (0ms)
			DisableScriptedObjects (10ms)
			BackupInstance (0ms)
			ReleaseScriptingObjects (0ms)
			CreateAndSetChildDomain (106ms)
		EndReloadAssembly (1212ms)
			LoadAssemblies (141ms)
			RebuildTransferFunctionScriptingTraits (0ms)
			SetupTypeCache (371ms)
			ReleaseScriptCaches (1ms)
			RebuildScriptCaches (43ms)
			SetupLoadedEditorAssemblies (425ms)
				LogAssemblyErrors (0ms)
				InitializePlatformSupportModulesInManaged (7ms)
				SetLoadedEditorAssemblies (2ms)
				RefreshPlugins (1ms)
				BeforeProcessingInitializeOnLoad (55ms)
				ProcessInitializeOnLoadAttributes (333ms)
				ProcessInitializeOnLoadMethodAttributes (16ms)
				AfterProcessingInitializeOnLoad (11ms)
				EditorAssembliesLoaded (0ms)
			ExecutionOrderSort2 (0ms)
			AwakeInstancesAfterBackupRestoration (38ms)
Platform modules already initialized, skipping
Refreshing native plugins compatible for Editor in 0.42 ms, found 2 plugins.
Preloading 0 native plugins for Editor in 0.00 ms.
Unloading 1538 Unused Serialized files (Serialized files now loaded: 0)
System memory in use before: 122.1 MB.
System memory in use after: 122.3 MB.

Unloading 14 unused Assets to reduce memory usage. Loaded Objects now: 2479.
Total: 4.224100 ms (FindLiveObjects: 0.233800 ms CreateObjectMapping: 0.061300 ms MarkObjects: 3.901600 ms  DeleteObjects: 0.025700 ms)

AssetImportParameters requested are different than current active one (requested -> active):
  custom:framework-win-MediaFoundation: 216162199b28c13a410421893ffa2e32 -> 
  custom:video-decoder-ogg-theora: a1e56fd34408186e4bbccfd4996cb3dc -> 
  custom:container-muxer-webm: aa71ff27fc2769a1b78a27578f13a17b -> 
  custom:container-demuxer-webm: 4f35f7cbe854078d1ac9338744f61a02 -> 
  custom:container-demuxer-ogg: 62fdf1f143b41e24485cea50d1cbac27 -> 
  custom:video-encoder-webm-vp8: eb34c28f22e8b96e1ab97ce403110664 -> 
  custom:video-decoder-webm-vp8: 9c59270c3fd7afecdb556c50c9e8de78 -> 
  custom:audio-decoder-ogg-vorbis: bf7c407c2cedff20999df2af8eb42d56 -> 
  custom:audio-encoder-webm-vorbis: bf7c407c2cedff20999df2af8eb42d56 -> 
========================================================================
Received Import Request.
  Time since last request: 278.447932 seconds.
  path: Assets/Sand textures pack/Sand 06/Sand pattern 06.mat
  artifactKey: Guid(983e0992e19cd6b488952f5565ef1372) Importer(815301076,1909f56bfc062723c751e8b465ee728b)
Start importing Assets/Sand textures pack/Sand 06/Sand pattern 06.mat using Guid(983e0992e19cd6b488952f5565ef1372) Importer(815301076,1909f56bfc062723c751e8b465ee728b)  -> (artifact id: 'b5e54a7688797ca3234e6d15ba6dd858') in 0.063548 seconds 
========================================================================
Received Import Request.
  Time since last request: 33.504176 seconds.
  path: Assets/New Animator Controller.controller
  artifactKey: Guid(faa6ae763fddd4d4db3096bb9caddcb1) Importer(815301076,1909f56bfc062723c751e8b465ee728b)
Start importing Assets/New Animator Controller.controller using Guid(faa6ae763fddd4d4db3096bb9caddcb1) Importer(815301076,1909f56bfc062723c751e8b465ee728b)  -> (artifact id: '35b5044a7eb8481758f62b7a3f8a6a71') in 0.024795 seconds 
========================================================================
Received Import Request.
  Time since last request: 67.249858 seconds.
  path: Assets/Person.anim
  artifactKey: Guid(2aaaa7edfbe1b364bb763ba7f8f7391b) Importer(815301076,1909f56bfc062723c751e8b465ee728b)
Start importing Assets/Person.anim using Guid(2aaaa7edfbe1b364bb763ba7f8f7391b) Importer(815301076,1909f56bfc062723c751e8b465ee728b)  -> (artifact id: '19ce15e72eb4671d5c502772ab237ada') in 0.017241 seconds 
========================================================================
Received Prepare
Registering precompiled user dll's ...
Registered in 0.023798 seconds.
Begin MonoManager ReloadAssembly
Native extension for WindowsStandalone target not found
Refreshing native plugins compatible for Editor in 0.75 ms, found 2 plugins.
Preloading 0 native plugins for Editor in 0.00 ms.
Mono: successfully reloaded assembly
- Completed reload, in  2.355 seconds
Domain Reload Profiling:
	ReloadAssembly (2356ms)
		BeginReloadAssembly (262ms)
			ExecutionOrderSort (0ms)
			DisableScriptedObjects (9ms)
			BackupInstance (0ms)
			ReleaseScriptingObjects (0ms)
			CreateAndSetChildDomain (53ms)
		EndReloadAssembly (1949ms)
			LoadAssemblies (265ms)
			RebuildTransferFunctionScriptingTraits (0ms)
			SetupTypeCache (550ms)
			ReleaseScriptCaches (2ms)
			RebuildScriptCaches (209ms)
			SetupLoadedEditorAssemblies (557ms)
				LogAssemblyErrors (0ms)
				InitializePlatformSupportModulesInManaged (12ms)
				SetLoadedEditorAssemblies (1ms)
				RefreshPlugins (1ms)
				BeforeProcessingInitializeOnLoad (227ms)
				ProcessInitializeOnLoadAttributes (291ms)
				ProcessInitializeOnLoadMethodAttributes (17ms)
				AfterProcessingInitializeOnLoad (8ms)
				EditorAssembliesLoaded (0ms)
			ExecutionOrderSort2 (0ms)
			AwakeInstancesAfterBackupRestoration (31ms)
Platform modules already initialized, skipping
Refreshing native plugins compatible for Editor in 0.48 ms, found 2 plugins.
Preloading 0 native plugins for Editor in 0.00 ms.
Unloading 1507 Unused Serialized files (Serialized files now loaded: 0)
System memory in use before: 121.3 MB.
System memory in use after: 121.4 MB.

Unloading 14 unused Assets to reduce memory usage. Loaded Objects now: 2482.
Total: 4.367600 ms (FindLiveObjects: 0.245500 ms CreateObjectMapping: 0.072500 ms MarkObjects: 4.023200 ms  DeleteObjects: 0.024400 ms)

AssetImportParameters requested are different than current active one (requested -> active):
  custom:framework-win-MediaFoundation: 216162199b28c13a410421893ffa2e32 -> 
  custom:video-decoder-ogg-theora: a1e56fd34408186e4bbccfd4996cb3dc -> 
  custom:container-muxer-webm: aa71ff27fc2769a1b78a27578f13a17b -> 
  custom:container-demuxer-webm: 4f35f7cbe854078d1ac9338744f61a02 -> 
  custom:container-demuxer-ogg: 62fdf1f143b41e24485cea50d1cbac27 -> 
  custom:video-encoder-webm-vp8: eb34c28f22e8b96e1ab97ce403110664 -> 
  custom:video-decoder-webm-vp8: 9c59270c3fd7afecdb556c50c9e8de78 -> 
  custom:audio-decoder-ogg-vorbis: bf7c407c2cedff20999df2af8eb42d56 -> 
  custom:audio-encoder-webm-vorbis: bf7c407c2cedff20999df2af8eb42d56 -> 
========================================================================
Received Import Request.
  Time since last request: 107.234499 seconds.
  path: Assets/Scenes/FirstModeSettings.lighting
  artifactKey: Guid(9484d51239bd3864c9704b6871d1a174) Importer(815301076,1909f56bfc062723c751e8b465ee728b)
Start importing Assets/Scenes/FirstModeSettings.lighting using Guid(9484d51239bd3864c9704b6871d1a174) Importer(815301076,1909f56bfc062723c751e8b465ee728b)  -> (artifact id: '3f9202134093bc0a9c12567fea17e077') in 0.036999 seconds 
========================================================================
Received Prepare
Registering precompiled user dll's ...
Registered in 0.011968 seconds.
Begin MonoManager ReloadAssembly
Native extension for WindowsStandalone target not found
Refreshing native plugins compatible for Editor in 0.48 ms, found 2 plugins.
Preloading 0 native plugins for Editor in 0.00 ms.
Mono: successfully reloaded assembly
- Completed reload, in  1.352 seconds
Domain Reload Profiling:
	ReloadAssembly (1353ms)
		BeginReloadAssembly (288ms)
			ExecutionOrderSort (0ms)
			DisableScriptedObjects (97ms)
			BackupInstance (0ms)
			ReleaseScriptingObjects (0ms)
			CreateAndSetChildDomain (41ms)
		EndReloadAssembly (989ms)
			LoadAssemblies (132ms)
			RebuildTransferFunctionScriptingTraits (0ms)
			SetupTypeCache (376ms)
			ReleaseScriptCaches (1ms)
			RebuildScriptCaches (47ms)
			SetupLoadedEditorAssemblies (306ms)
				LogAssemblyErrors (0ms)
				InitializePlatformSupportModulesInManaged (6ms)
				SetLoadedEditorAssemblies (0ms)
				RefreshPlugins (1ms)
				BeforeProcessingInitializeOnLoad (51ms)
				ProcessInitializeOnLoadAttributes (230ms)
				ProcessInitializeOnLoadMethodAttributes (10ms)
				AfterProcessingInitializeOnLoad (8ms)
				EditorAssembliesLoaded (0ms)
			ExecutionOrderSort2 (0ms)
			AwakeInstancesAfterBackupRestoration (34ms)
Platform modules already initialized, skipping
Refreshing native plugins compatible for Editor in 0.41 ms, found 2 plugins.
Preloading 0 native plugins for Editor in 0.00 ms.
Unloading 1506 Unused Serialized files (Serialized files now loaded: 0)
System memory in use before: 121.3 MB.
System memory in use after: 121.4 MB.

Unloading 15 unused Assets to reduce memory usage. Loaded Objects now: 2483.
Total: 3.902100 ms (FindLiveObjects: 0.224800 ms CreateObjectMapping: 0.055200 ms MarkObjects: 3.597500 ms  DeleteObjects: 0.023300 ms)

AssetImportParameters requested are different than current active one (requested -> active):
  custom:framework-win-MediaFoundation: 216162199b28c13a410421893ffa2e32 -> 
  custom:video-decoder-ogg-theora: a1e56fd34408186e4bbccfd4996cb3dc -> 
  custom:container-muxer-webm: aa71ff27fc2769a1b78a27578f13a17b -> 
  custom:container-demuxer-webm: 4f35f7cbe854078d1ac9338744f61a02 -> 
  custom:container-demuxer-ogg: 62fdf1f143b41e24485cea50d1cbac27 -> 
  custom:video-encoder-webm-vp8: eb34c28f22e8b96e1ab97ce403110664 -> 
  custom:video-decoder-webm-vp8: 9c59270c3fd7afecdb556c50c9e8de78 -> 
  custom:audio-decoder-ogg-vorbis: bf7c407c2cedff20999df2af8eb42d56 -> 
  custom:audio-encoder-webm-vorbis: bf7c407c2cedff20999df2af8eb42d56 -> 
